0 info it worked if it ends with ok
1 verbose cli [ 'node', '/usr/local/bin/npm', 'install', 'analysis' ]
2 info using npm@1.4.28
3 info using node@v0.10.33
4 verbose readDependencies using package.json deps
5 verbose cache add [ 'analysis', null ]
6 verbose cache add name=undefined spec="analysis" args=["analysis",null]
7 verbose parsed url { protocol: null,
7 verbose parsed url   slashes: null,
7 verbose parsed url   auth: null,
7 verbose parsed url   host: null,
7 verbose parsed url   port: null,
7 verbose parsed url   hostname: null,
7 verbose parsed url   hash: null,
7 verbose parsed url   search: null,
7 verbose parsed url   query: null,
7 verbose parsed url   pathname: 'analysis',
7 verbose parsed url   path: 'analysis',
7 verbose parsed url   href: 'analysis' }
8 silly lockFile 36847a29-analysis analysis
9 verbose lock analysis /Users/rollandlee/.npm/36847a29-analysis.lock
10 silly lockFile 36847a29-analysis analysis
11 silly lockFile 36847a29-analysis analysis
12 verbose addNamed [ 'analysis', '' ]
13 verbose addNamed [ null, '*' ]
14 silly lockFile cff87bab-analysis analysis@
15 verbose lock analysis@ /Users/rollandlee/.npm/cff87bab-analysis.lock
16 silly addNameRange { name: 'analysis', range: '*', hasData: false }
17 verbose request where is /analysis
18 verbose request registry https://registry.npm.taobao.org/
19 verbose request id 4198a60356c95a50
20 verbose url raw /analysis
21 verbose url resolving [ 'https://registry.npm.taobao.org/', './analysis' ]
22 verbose url resolved https://registry.npm.taobao.org/analysis
23 verbose request where is https://registry.npm.taobao.org/analysis
24 info trying registry request attempt 1 at 16:14:52
25 http GET https://registry.npm.taobao.org/analysis
26 http 404 https://registry.npm.taobao.org/analysis
27 verbose headers { date: 'Sun, 19 Apr 2015 08:14:54 GMT',
27 verbose headers   server: 'CouchDB/1.5.0 (Erlang OTP/R16B03)',
27 verbose headers   'content-type': 'application/json',
27 verbose headers   'cache-control': 'max-age=0',
27 verbose headers   'content-length': '51',
27 verbose headers   'accept-ranges': 'bytes',
27 verbose headers   via: '1.1 varnish',
27 verbose headers   age: '0',
27 verbose headers   'x-served-by': 'cache-nrt6132-NRT',
27 verbose headers   'x-cache': 'MISS',
27 verbose headers   'x-cache-hits': '0',
27 verbose headers   'x-timer': 'S1429431294.499638,VS0,VE132',
27 verbose headers   'keep-alive': 'timeout=10, max=50',
27 verbose headers   connection: 'Keep-Alive' }
28 silly registry.get cb [ 404,
28 silly registry.get   { date: 'Sun, 19 Apr 2015 08:14:54 GMT',
28 silly registry.get     server: 'CouchDB/1.5.0 (Erlang OTP/R16B03)',
28 silly registry.get     'content-type': 'application/json',
28 silly registry.get     'cache-control': 'max-age=0',
28 silly registry.get     'content-length': '51',
28 silly registry.get     'accept-ranges': 'bytes',
28 silly registry.get     via: '1.1 varnish',
28 silly registry.get     age: '0',
28 silly registry.get     'x-served-by': 'cache-nrt6132-NRT',
28 silly registry.get     'x-cache': 'MISS',
28 silly registry.get     'x-cache-hits': '0',
28 silly registry.get     'x-timer': 'S1429431294.499638,VS0,VE132',
28 silly registry.get     'keep-alive': 'timeout=10, max=50',
28 silly registry.get     connection: 'Keep-Alive' } ]
29 silly lockFile cff87bab-analysis analysis@
30 silly lockFile cff87bab-analysis analysis@
31 error 404 404 Not Found: analysis
31 error 404
31 error 404 'analysis' is not in the npm registry.
31 error 404 You should bug the author to publish it
31 error 404 It was specified as a dependency of 'sleek.js'
31 error 404
31 error 404 Note that you can also install from a
31 error 404 tarball, folder, or http url, or git url.
32 error System Darwin 14.0.0
33 error command "node" "/usr/local/bin/npm" "install" "analysis"
34 error cwd /Users/rollandlee/Documents/Projects/health_prototype_1/backend
35 error node -v v0.10.33
36 error npm -v 1.4.28
37 error code E404
38 verbose exit [ 1, true ]
